Determining if the pthread_create exist failed with the following output:
Change Dir: /home/parallels/Documents/slambook/ch5/joinMap/build/CMakeFiles/CMakeTmp

Run Build Command:"/usr/bin/make" "cmTC_c955d/fast"
/usr/bin/make -f CMakeFiles/cmTC_c955d.dir/build.make CMakeFiles/cmTC_c955d.dir/build
make[1]: Entering directory '/home/parallels/Documents/slambook/ch5/joinMap/build/CMakeFiles/CMakeTmp'
Building C object CMakeFiles/cmTC_c955d.dir/CheckSymbolExists.c.o
/usr/bin/cc     -o CMakeFiles/cmTC_c955d.dir/CheckSymbolExists.c.o   -c /home/parallels/Documents/slambook/ch5/joinMap/build/CMakeFiles/CMakeTmp/CheckSymbolExists.c
Linking C executable cmTC_c955d
/usr/bin/cmake -E cmake_link_script CMakeFiles/cmTC_c955d.dir/link.txt --verbose=1
/usr/bin/cc       CMakeFiles/cmTC_c955d.dir/CheckSymbolExists.c.o  -o cmTC_c955d -rdynamic 
CMakeFiles/cmTC_c955d.dir/CheckSymbolExists.c.o: In function `main':
CheckSymbolExists.c:(.text+0x16): undefined reference to `pthread_create'
collect2: error: ld returned 1 exit status
CMakeFiles/cmTC_c955d.dir/build.make:97: recipe for target 'cmTC_c955d' failed
make[1]: *** [cmTC_c955d] Error 1
make[1]: Leaving directory '/home/parallels/Documents/slambook/ch5/joinMap/build/CMakeFiles/CMakeTmp'
Makefile:126: recipe for target 'cmTC_c955d/fast' failed
make: *** [cmTC_c955d/fast] Error 2

File /home/parallels/Documents/slambook/ch5/joinMap/build/CMakeFiles/CMakeTmp/CheckSymbolExists.c:
/* */
#include <pthread.h>

int main(int argc, char** argv)
{
  (void)argv;
#ifndef pthread_create
  return ((int*)(&pthread_create))[argc];
#else
  (void)argc;
  return 0;
#endif
}

Determining if the function pthread_create exists in the pthreads failed with the following output:
Change Dir: /home/parallels/Documents/slambook/ch5/joinMap/build/CMakeFiles/CMakeTmp

Run Build Command:"/usr/bin/make" "cmTC_b4913/fast"
/usr/bin/make -f CMakeFiles/cmTC_b4913.dir/build.make CMakeFiles/cmTC_b4913.dir/build
make[1]: Entering directory '/home/parallels/Documents/slambook/ch5/joinMap/build/CMakeFiles/CMakeTmp'
Building C object CMakeFiles/cmTC_b4913.dir/CheckFunctionExists.c.o
/usr/bin/cc    -DCHECK_FUNCTION_EXISTS=pthread_create   -o CMakeFiles/cmTC_b4913.dir/CheckFunctionExists.c.o   -c /usr/share/cmake-3.5/Modules/CheckFunctionExists.c
Linking C executable cmTC_b4913
/usr/bin/cmake -E cmake_link_script CMakeFiles/cmTC_b4913.dir/link.txt --verbose=1
/usr/bin/cc   -DCHECK_FUNCTION_EXISTS=pthread_create    CMakeFiles/cmTC_b4913.dir/CheckFunctionExists.c.o  -o cmTC_b4913 -rdynamic -lpthreads 
/usr/bin/ld: cannot find -lpthreads
collect2: error: ld returned 1 exit status
CMakeFiles/cmTC_b4913.dir/build.make:97: recipe for target 'cmTC_b4913' failed
make[1]: *** [cmTC_b4913] Error 1
make[1]: Leaving directory '/home/parallels/Documents/slambook/ch5/joinMap/build/CMakeFiles/CMakeTmp'
Makefile:126: recipe for target 'cmTC_b4913/fast' failed
make: *** [cmTC_b4913/fast] Error 2


